[0m[[0m[0mdebug[0m] [0m[0m> Exec(run, Some(e85cfc20-e5fd-482d-8d3e-65f87c40c28e), Some(CommandSource(console0)))[0m
[0m[[0m[0mdebug[0m] [0m[0mEvaluating tasks: Compile / run[0m
[0m[[0m[0mdebug[0m] [0m[0mRunning task... Cancel: Signal, check cycles: false, forcegc: true[0m
[0m[[0m[0mdebug[0m] [0m[0mjsonRpcNotify: JsonRpcNotificationMessage(2.0, build/taskStart, {"taskId":{"id":"2","parents":[]},"eventTime":1644376167680,"message":"Compiling my_scalation","dataKind":"compile-task","data":{"target":{"uri":"file:/Users/sdk/Desktop/scalaTion_reg_models/#my_scalation/Compile"}}})[0m
[0m[[0m[0minfo[0m] [0m[0mcompiling 6 Scala sources to /Users/sdk/Desktop/scalaTion_reg_models/target/scala-3.1.1/classes ...[0m
[0m[[0m[0mdebug[0m] [0m[0mjsonRpcNotify: JsonRpcNotificationMessage(2.0, build/logMessage, {"type":3,"message":"compiling 6 Scala sources to /Users/sdk/Desktop/scalaTion_reg_models/target/scala-3.1.1/classes ..."})[0m
[0m[[0m[0mdebug[0m] [0m[0mjsonRpcNotify: JsonRpcNotificationMessage(2.0, build/publishDiagnostics, {"textDocument":{"uri":"file:///Users/sdk/Desktop/scalaTion_reg_models/src/main/scala/test/SampleStats.scala"},"buildTarget":{"uri":"file:/Users/sdk/Desktop/scalaTion_reg_models/#my_scalation/Compile"},"diagnostics":[],"reset":true})[0m
[0m[[0m[0mdebug[0m] [0m[0mjsonRpcNotify: JsonRpcNotificationMessage(2.0, build/publishDiagnostics, {"textDocument":{"uri":"file:///Users/sdk/Desktop/scalaTion_reg_models/src/main/scala/test/ConfidenceIntervalTest.scala"},"buildTarget":{"uri":"file:/Users/sdk/Desktop/scalaTion_reg_models/#my_scalation/Compile"},"diagnostics":[],"reset":true})[0m
[0m[[0m[0mdebug[0m] [0m[0mjsonRpcNotify: JsonRpcNotificationMessage(2.0, build/publishDiagnostics, {"textDocument":{"uri":"file:///Users/sdk/Desktop/scalaTion_reg_models/src/main/scala/test/CLTtest.scala"},"buildTarget":{"uri":"file:/Users/sdk/Desktop/scalaTion_reg_models/#my_scalation/Compile"},"diagnostics":[],"reset":true})[0m
[0m[[0m[0mdebug[0m] [0m[0mjsonRpcNotify: JsonRpcNotificationMessage(2.0, build/publishDiagnostics, {"textDocument":{"uri":"file:///Users/sdk/Desktop/scalaTion_reg_models/src/main/scala/test/RegressionTest.scala"},"buildTarget":{"uri":"file:/Users/sdk/Desktop/scalaTion_reg_models/#my_scalation/Compile"},"diagnostics":[],"reset":true})[0m
[0m[[0m[0mdebug[0m] [0m[0mjsonRpcNotify: JsonRpcNotificationMessage(2.0, build/publishDiagnostics, {"textDocument":{"uri":"file:///Users/sdk/Desktop/scalaTion_reg_models/src/main/scala/test/Ex_Bank.scala"},"buildTarget":{"uri":"file:/Users/sdk/Desktop/scalaTion_reg_models/#my_scalation/Compile"},"diagnostics":[],"reset":true})[0m
[0m[[0m[0mdebug[0m] [0m[0mjsonRpcNotify: JsonRpcNotificationMessage(2.0, build/publishDiagnostics, {"textDocument":{"uri":"file:///Users/sdk/Desktop/scalaTion_reg_models/src/main/scala/test/DiceTest.scala"},"buildTarget":{"uri":"file:/Users/sdk/Desktop/scalaTion_reg_models/#my_scalation/Compile"},"diagnostics":[],"reset":true})[0m
[0m[[0m[0mdebug[0m] [0m[0mjsonRpcNotify: JsonRpcNotificationMessage(2.0, build/taskFinish, {"taskId":{"id":"2","parents":[]},"eventTime":1644376170704,"message":"Compiled my_scalation","status":1,"dataKind":"compile-report","data":{"target":{"uri":"file:/Users/sdk/Desktop/scalaTion_reg_models/#my_scalation/Compile"},"errors":0,"warnings":0,"time":3024}})[0m
[0m[[0m[0mdebug[0m] [0m[0mjsonRpcNotify: JsonRpcNotificationMessage(2.0, build/logMessage, {"type":3,"message":"running (fork) my_scalation.diceTest "})[0m
[0m[[0m[0mdebug[0m] [0m[0mjsonRpcNotify: JsonRpcNotificationMessage(2.0, build/logMessage, {"type":3,"message":"Run + title"})[0m
[0m[[0m[32msuccess[0m] [0m[0mTotal time: 11 s, completed Feb 8, 2022, 10:09:38 PM[0m
[0m[[0m[0mdebug[0m] [0m[0m> Exec(shell, None, None)[0m
[0m[[0m[0mdebug[0m] [0m[0mUnhandled notification received: textDocument/didOpen: JsonRpcNotificationMessage(2.0, textDocument/didOpen, {"textDocument":{"uri":"file:///Users/sdk/Desktop/scalaTion_reg_models/build.sbt","languageId":"scala","version":1,"text":"\nlazy val my_scalation = project.in(file(\".\"))\n  .settings(\n    scalaVersion  := \"3.1.1\",\n//  scalacOptions += \"-deprecation\",\n//  javacOptions  += \"--add-modules jdk.incubator.vector\"\n  )\n\nfork := true\n\n"}})[0m
[0m[[0m[0mdebug[0m] [0m[0mUnhandled notification received: textDocument/didClose: JsonRpcNotificationMessage(2.0, textDocument/didClose, {"textDocument":{"uri":"file:///Users/sdk/Desktop/scalaTion_reg_models/build.sbt"}})[0m
[0m[[0m[0mdebug[0m] [0m[0mUnhandled notification received: textDocument/didOpen: JsonRpcNotificationMessage(2.0, textDocument/didOpen, {"textDocument":{"uri":"file:///Users/sdk/Desktop/scalaTion_reg_models/src/main/scala/test/CLTtest.scala","languageId":"scala","version":1,"text":"\npackage my_scalation\n\nimport scalation.mathstat._\nimport scalation.random.Uniform\n\n// runMain my_scalation.cLTtest\n\n@main def cLTtest (): Unit =\n\n    val rg = Uniform ()\n    val x = VectorD (for i <- 0 until 100000 yield rg.gen + rg.gen + rg.gen + rg.gen)\n    new Histogram (x)\n\nend cLTtest\n\n"}})[0m
[0m[[0m[0mdebug[0m] [0m[0mUnhandled notification received: textDocument/didClose: JsonRpcNotificationMessage(2.0, textDocument/didClose, {"textDocument":{"uri":"file:///Users/sdk/Desktop/scalaTion_reg_models/src/main/scala/test/CLTtest.scala"}})[0m
[0m[[0m[0mdebug[0m] [0m[0mUnhandled notification received: textDocument/didOpen: JsonRpcNotificationMessage(2.0, textDocument/didOpen, {"textDocument":{"uri":"file:///Users/sdk/Desktop/scalaTion_reg_models/build.sbt","languageId":"scala","version":1,"text":"\nlazy val my_scalation = project.in(file(\".\"))\n  .settings(\n    scalaVersion  := \"3.1.1\",\n//  scalacOptions += \"-deprecation\",\n//  javacOptions  += \"--add-modules jdk.incubator.vector\"\n  )\n\nfork := true\n\n"}})[0m
[0m[[0m[0mdebug[0m] [0m[0mUnhandled notification received: textDocument/didClose: JsonRpcNotificationMessage(2.0, textDocument/didClose, {"textDocument":{"uri":"file:///Users/sdk/Desktop/scalaTion_reg_models/build.sbt"}})[0m
[0m[[0m[0mdebug[0m] [0m[0mUnhandled notification received: textDocument/didOpen: JsonRpcNotificationMessage(2.0, textDocument/didOpen, {"textDocument":{"uri":"file:///Users/sdk/Desktop/scalaTion_reg_models/src/main/scala/test/SampleStats.scala","languageId":"scala","version":1,"text":"\npackage my_scalation\n\nimport scalation.mathstat._\nimport scalation.random._\n\n// > runMain my_scalation.sampleStats\n\n@main def sampleStats (): Unit =\n\n    val (mu, sig) = (70.0, 8.0)                               // population mean and standard deviation\n    val m      = 100                                          // sample size\n    val rvg    = Normal (mu, sig * sig)                       // Normal random variate generator\n    val sample = VectorD (for i <- 0 until m yield rvg.gen)   // sample from Normal distribution\n    val (mu_, sig_) = (sample.mean, sample.stdev)             // sample mean and standard deviation\n    println (s\"(mu_, sig_) = ($mu_, $sig_)\")\n    new Plot (null, sample)\n    new Histogram (sample)\n\nend sampleStats\n\n"}})[0m
[0m[[0m[0mdebug[0m] [0m[0mUnhandled notification received: textDocument/didClose: JsonRpcNotificationMessage(2.0, textDocument/didClose, {"textDocument":{"uri":"file:///Users/sdk/Desktop/scalaTion_reg_models/src/main/scala/test/SampleStats.scala"}})[0m
[0m[[0m[0mdebug[0m] [0m[0mUnhandled request received: shutdown: JsonRpcRequestMessage(2.0, ♨1, shutdown, null})[0m
